CRITICAL - 2020-10-26 19:30:23 --> Namespace declaration statement has to be the very first statement or after any declare call in the script
#0 [internal function]: CodeIgniter\Debug\Exceptions->shutdownHandler()
#1 {main}
CRITICAL - 2020-10-26 19:30:27 --> Namespace declaration statement has to be the very first statement or after any declare call in the script
#0 [internal function]: CodeIgniter\Debug\Exceptions->shutdownHandler()
#1 {main}
CRITICAL - 2020-10-26 19:30:30 --> Namespace declaration statement has to be the very first statement or after any declare call in the script
#0 [internal function]: CodeIgniter\Debug\Exceptions->shutdownHandler()
#1 {main}
CRITICAL - 2020-10-26 19:30:37 --> Namespace declaration statement has to be the very first statement or after any declare call in the script
#0 [internal function]: CodeIgniter\Debug\Exceptions->shutdownHandler()
#1 {main}
CRITICAL - 2020-10-26 19:30:38 --> Namespace declaration statement has to be the very first statement or after any declare call in the script
#0 [internal function]: CodeIgniter\Debug\Exceptions->shutdownHandler()
#1 {main}
CRITICAL - 2020-10-26 19:31:15 --> Namespace declaration statement has to be the very first statement or after any declare call in the script
#0 [internal function]: CodeIgniter\Debug\Exceptions->shutdownHandler()
#1 {main}
CRITICAL - 2020-10-26 19:31:16 --> Namespace declaration statement has to be the very first statement or after any declare call in the script
#0 [internal function]: CodeIgniter\Debug\Exceptions->shutdownHandler()
#1 {main}
CRITICAL - 2020-10-26 19:31:16 --> Namespace declaration statement has to be the very first statement or after any declare call in the script
#0 [internal function]: CodeIgniter\Debug\Exceptions->shutdownHandler()
#1 {main}
CRITICAL - 2020-10-26 19:31:40 --> Namespace declaration statement has to be the very first statement or after any declare call in the script
#0 [internal function]: CodeIgniter\Debug\Exceptions->shutdownHandler()
#1 {main}
CRITICAL - 2020-10-26 19:31:40 --> Namespace declaration statement has to be the very first statement or after any declare call in the script
#0 [internal function]: CodeIgniter\Debug\Exceptions->shutdownHandler()
#1 {main}
CRITICAL - 2020-10-26 19:31:41 --> Namespace declaration statement has to be the very first statement or after any declare call in the script
#0 [internal function]: CodeIgniter\Debug\Exceptions->shutdownHandler()
#1 {main}
CRITICAL - 2020-10-26 19:31:41 --> Namespace declaration statement has to be the very first statement or after any declare call in the script
#0 [internal function]: CodeIgniter\Debug\Exceptions->shutdownHandler()
#1 {main}
CRITICAL - 2020-10-26 19:32:17 --> Namespace declaration statement has to be the very first statement or after any declare call in the script
#0 [internal function]: CodeIgniter\Debug\Exceptions->shutdownHandler()
#1 {main}
CRITICAL - 2020-10-26 19:32:22 --> Namespace declaration statement has to be the very first statement or after any declare call in the script
#0 [internal function]: CodeIgniter\Debug\Exceptions->shutdownHandler()
#1 {main}
CRITICAL - 2020-10-26 19:32:56 --> Namespace declaration statement has to be the very first statement or after any declare call in the script
#0 [internal function]: CodeIgniter\Debug\Exceptions->shutdownHandler()
#1 {main}
CRITICAL - 2020-10-26 19:32:58 --> Namespace declaration statement has to be the very first statement or after any declare call in the script
#0 [internal function]: CodeIgniter\Debug\Exceptions->shutdownHandler()
#1 {main}
CRITICAL - 2020-10-26 19:33:04 --> Namespace declaration statement has to be the very first statement or after any declare call in the script
#0 [internal function]: CodeIgniter\Debug\Exceptions->shutdownHandler()
#1 {main}
CRITICAL - 2020-10-26 19:33:10 --> Namespace declaration statement has to be the very first statement or after any declare call in the script
#0 [internal function]: CodeIgniter\Debug\Exceptions->shutdownHandler()
#1 {main}
CRITICAL - 2020-10-26 19:33:10 --> Namespace declaration statement has to be the very first statement or after any declare call in the script
#0 [internal function]: CodeIgniter\Debug\Exceptions->shutdownHandler()
#1 {main}
CRITICAL - 2020-10-26 19:33:11 --> Namespace declaration statement has to be the very first statement or after any declare call in the script
#0 [internal function]: CodeIgniter\Debug\Exceptions->shutdownHandler()
#1 {main}
CRITICAL - 2020-10-26 19:33:11 --> Namespace declaration statement has to be the very first statement or after any declare call in the script
#0 [internal function]: CodeIgniter\Debug\Exceptions->shutdownHandler()
#1 {main}
CRITICAL - 2020-10-26 19:33:11 --> Namespace declaration statement has to be the very first statement or after any declare call in the script
#0 [internal function]: CodeIgniter\Debug\Exceptions->shutdownHandler()
#1 {main}
CRITICAL - 2020-10-26 19:33:11 --> Namespace declaration statement has to be the very first statement or after any declare call in the script
#0 [internal function]: CodeIgniter\Debug\Exceptions->shutdownHandler()
#1 {main}
CRITICAL - 2020-10-26 19:33:11 --> Namespace declaration statement has to be the very first statement or after any declare call in the script
#0 [internal function]: CodeIgniter\Debug\Exceptions->shutdownHandler()
#1 {main}
CRITICAL - 2020-10-26 19:33:31 --> Namespace declaration statement has to be the very first statement or after any declare call in the script
#0 [internal function]: CodeIgniter\Debug\Exceptions->shutdownHandler()
#1 {main}
CRITICAL - 2020-10-26 19:33:31 --> Namespace declaration statement has to be the very first statement or after any declare call in the script
#0 [internal function]: CodeIgniter\Debug\Exceptions->shutdownHandler()
#1 {main}
CRITICAL - 2020-10-26 19:33:32 --> Namespace declaration statement has to be the very first statement or after any declare call in the script
#0 [internal function]: CodeIgniter\Debug\Exceptions->shutdownHandler()
#1 {main}
CRITICAL - 2020-10-26 19:33:51 --> Namespace declaration statement has to be the very first statement or after any declare call in the script
#0 [internal function]: CodeIgniter\Debug\Exceptions->shutdownHandler()
#1 {main}
CRITICAL - 2020-10-26 19:33:52 --> Namespace declaration statement has to be the very first statement or after any declare call in the script
#0 [internal function]: CodeIgniter\Debug\Exceptions->shutdownHandler()
#1 {main}
CRITICAL - 2020-10-26 19:33:53 --> Namespace declaration statement has to be the very first statement or after any declare call in the script
#0 [internal function]: CodeIgniter\Debug\Exceptions->shutdownHandler()
#1 {main}
CRITICAL - 2020-10-26 19:34:33 --> Namespace declaration statement has to be the very first statement or after any declare call in the script
#0 [internal function]: CodeIgniter\Debug\Exceptions->shutdownHandler()
#1 {main}
CRITICAL - 2020-10-26 19:35:29 --> Namespace declaration statement has to be the very first statement or after any declare call in the script
#0 [internal function]: CodeIgniter\Debug\Exceptions->shutdownHandler()
#1 {main}
CRITICAL - 2020-10-26 19:35:29 --> Namespace declaration statement has to be the very first statement or after any declare call in the script
#0 [internal function]: CodeIgniter\Debug\Exceptions->shutdownHandler()
#1 {main}
CRITICAL - 2020-10-26 19:35:30 --> Namespace declaration statement has to be the very first statement or after any declare call in the script
#0 [internal function]: CodeIgniter\Debug\Exceptions->shutdownHandler()
#1 {main}
CRITICAL - 2020-10-26 19:35:30 --> Namespace declaration statement has to be the very first statement or after any declare call in the script
#0 [internal function]: CodeIgniter\Debug\Exceptions->shutdownHandler()
#1 {main}
CRITICAL - 2020-10-26 19:35:30 --> Namespace declaration statement has to be the very first statement or after any declare call in the script
#0 [internal function]: CodeIgniter\Debug\Exceptions->shutdownHandler()
#1 {main}
CRITICAL - 2020-10-26 19:35:30 --> Namespace declaration statement has to be the very first statement or after any declare call in the script
#0 [internal function]: CodeIgniter\Debug\Exceptions->shutdownHandler()
#1 {main}
CRITICAL - 2020-10-26 19:35:30 --> Namespace declaration statement has to be the very first statement or after any declare call in the script
#0 [internal function]: CodeIgniter\Debug\Exceptions->shutdownHandler()
#1 {main}
CRITICAL - 2020-10-26 19:35:31 --> Namespace declaration statement has to be the very first statement or after any declare call in the script
#0 [internal function]: CodeIgniter\Debug\Exceptions->shutdownHandler()
#1 {main}
CRITICAL - 2020-10-26 19:35:31 --> Namespace declaration statement has to be the very first statement or after any declare call in the script
#0 [internal function]: CodeIgniter\Debug\Exceptions->shutdownHandler()
#1 {main}
CRITICAL - 2020-10-26 19:35:39 --> Namespace declaration statement has to be the very first statement or after any declare call in the script
#0 [internal function]: CodeIgniter\Debug\Exceptions->shutdownHandler()
#1 {main}
CRITICAL - 2020-10-26 19:35:47 --> Namespace declaration statement has to be the very first statement or after any declare call in the script
#0 [internal function]: CodeIgniter\Debug\Exceptions->shutdownHandler()
#1 {main}
CRITICAL - 2020-10-26 19:35:48 --> Namespace declaration statement has to be the very first statement or after any declare call in the script
#0 [internal function]: CodeIgniter\Debug\Exceptions->shutdownHandler()
#1 {main}
CRITICAL - 2020-10-26 19:37:03 --> Namespace declaration statement has to be the very first statement or after any declare call in the script
#0 [internal function]: CodeIgniter\Debug\Exceptions->shutdownHandler()
#1 {main}
CRITICAL - 2020-10-26 19:37:08 --> Namespace declaration statement has to be the very first statement or after any declare call in the script
#0 [internal function]: CodeIgniter\Debug\Exceptions->shutdownHandler()
#1 {main}
CRITICAL - 2020-10-26 19:37:17 --> Namespace declaration statement has to be the very first statement or after any declare call in the script
#0 [internal function]: CodeIgniter\Debug\Exceptions->shutdownHandler()
#1 {main}
CRITICAL - 2020-10-26 19:40:44 --> Unable to connect to the database.
#0 /Applications/MAMP/htdocs/retirement-planner/vendor/codeigniter4/framework/system/Database/BaseConnection.php(646): CodeIgniter\Database\BaseConnection->initialize()
#1 /Applications/MAMP/htdocs/retirement-planner/vendor/codeigniter4/framework/system/Database/BaseBuilder.php(1860): CodeIgniter\Database\BaseConnection->query('SELECT 1\nFROM `...', Array, false)
#2 /Applications/MAMP/htdocs/retirement-planner/vendor/codeigniter4/framework/system/Validation/Rules.php(240): CodeIgniter\Database\BaseBuilder->get()
#3 /Applications/MAMP/htdocs/retirement-planner/vendor/codeigniter4/framework/system/Validation/Validation.php(325): CodeIgniter\Validation\Rules->is_unique('v@v.com', 'email', Array, NULL)
#4 /Applications/MAMP/htdocs/retirement-planner/vendor/codeigniter4/framework/system/Validation/Validation.php(189): CodeIgniter\Validation\Validation->processRules('email', 'email', 'v@v.com', Array, Array)
#5 /Applications/MAMP/htdocs/retirement-planner/vendor/codeigniter4/framework/system/Controller.php(219): CodeIgniter\Validation\Validation->run()
#6 /Applications/MAMP/htdocs/retirement-planner/app/Controllers/Users.php(74): CodeIgniter\Controller->validate(Array)
#7 /Applications/MAMP/htdocs/retirement-planner/vendor/codeigniter4/framework/system/CodeIgniter.php(918): App\Controllers\Users->register()
#8 /Applications/MAMP/htdocs/retirement-planner/vendor/codeigniter4/framework/system/CodeIgniter.php(404): CodeIgniter\CodeIgniter->runController(Object(App\Controllers\Users))
#9 /Applications/MAMP/htdocs/retirement-planner/vendor/codeigniter4/framework/system/CodeIgniter.php(312): CodeIgniter\CodeIgniter->handleRequest(NULL, Object(Config\Cache), false)
#10 /Applications/MAMP/htdocs/retirement-planner/public/index.php(45): CodeIgniter\CodeIgniter->run()
#11 {main}
CRITICAL - 2020-10-26 19:41:35 --> Unable to connect to the database.
#0 /Applications/MAMP/htdocs/retirement-planner/vendor/codeigniter4/framework/system/Database/BaseConnection.php(646): CodeIgniter\Database\BaseConnection->initialize()
#1 /Applications/MAMP/htdocs/retirement-planner/vendor/codeigniter4/framework/system/Database/BaseBuilder.php(1860): CodeIgniter\Database\BaseConnection->query('SELECT 1\nFROM `...', Array, false)
#2 /Applications/MAMP/htdocs/retirement-planner/vendor/codeigniter4/framework/system/Validation/Rules.php(240): CodeIgniter\Database\BaseBuilder->get()
#3 /Applications/MAMP/htdocs/retirement-planner/vendor/codeigniter4/framework/system/Validation/Validation.php(325): CodeIgniter\Validation\Rules->is_unique('v@v.com', 'email', Array, NULL)
#4 /Applications/MAMP/htdocs/retirement-planner/vendor/codeigniter4/framework/system/Validation/Validation.php(189): CodeIgniter\Validation\Validation->processRules('email', 'email', 'v@v.com', Array, Array)
#5 /Applications/MAMP/htdocs/retirement-planner/vendor/codeigniter4/framework/system/Controller.php(219): CodeIgniter\Validation\Validation->run()
#6 /Applications/MAMP/htdocs/retirement-planner/app/Controllers/Users.php(74): CodeIgniter\Controller->validate(Array)
#7 /Applications/MAMP/htdocs/retirement-planner/vendor/codeigniter4/framework/system/CodeIgniter.php(918): App\Controllers\Users->register()
#8 /Applications/MAMP/htdocs/retirement-planner/vendor/codeigniter4/framework/system/CodeIgniter.php(404): CodeIgniter\CodeIgniter->runController(Object(App\Controllers\Users))
#9 /Applications/MAMP/htdocs/retirement-planner/vendor/codeigniter4/framework/system/CodeIgniter.php(312): CodeIgniter\CodeIgniter->handleRequest(NULL, Object(Config\Cache), false)
#10 /Applications/MAMP/htdocs/retirement-planner/public/index.php(45): CodeIgniter\CodeIgniter->run()
#11 {main}
CRITICAL - 2020-10-26 19:41:42 --> Unable to connect to the database.
#0 /Applications/MAMP/htdocs/retirement-planner/vendor/codeigniter4/framework/system/Database/BaseConnection.php(646): CodeIgniter\Database\BaseConnection->initialize()
#1 /Applications/MAMP/htdocs/retirement-planner/vendor/codeigniter4/framework/system/Database/BaseBuilder.php(1860): CodeIgniter\Database\BaseConnection->query('SELECT 1\nFROM `...', Array, false)
#2 /Applications/MAMP/htdocs/retirement-planner/vendor/codeigniter4/framework/system/Validation/Rules.php(240): CodeIgniter\Database\BaseBuilder->get()
#3 /Applications/MAMP/htdocs/retirement-planner/vendor/codeigniter4/framework/system/Validation/Validation.php(325): CodeIgniter\Validation\Rules->is_unique('v@a.com', 'email', Array, NULL)
#4 /Applications/MAMP/htdocs/retirement-planner/vendor/codeigniter4/framework/system/Validation/Validation.php(189): CodeIgniter\Validation\Validation->processRules('email', 'email', 'v@a.com', Array, Array)
#5 /Applications/MAMP/htdocs/retirement-planner/vendor/codeigniter4/framework/system/Controller.php(219): CodeIgniter\Validation\Validation->run()
#6 /Applications/MAMP/htdocs/retirement-planner/app/Controllers/Users.php(74): CodeIgniter\Controller->validate(Array)
#7 /Applications/MAMP/htdocs/retirement-planner/vendor/codeigniter4/framework/system/CodeIgniter.php(918): App\Controllers\Users->register()
#8 /Applications/MAMP/htdocs/retirement-planner/vendor/codeigniter4/framework/system/CodeIgniter.php(404): CodeIgniter\CodeIgniter->runController(Object(App\Controllers\Users))
#9 /Applications/MAMP/htdocs/retirement-planner/vendor/codeigniter4/framework/system/CodeIgniter.php(312): CodeIgniter\CodeIgniter->handleRequest(NULL, Object(Config\Cache), false)
#10 /Applications/MAMP/htdocs/retirement-planner/public/index.php(45): CodeIgniter\CodeIgniter->run()
#11 {main}
CRITICAL - 2020-10-26 19:42:23 --> Unable to connect to the database.
#0 /Applications/MAMP/htdocs/retirement-planner/vendor/codeigniter4/framework/system/Database/BaseConnection.php(646): CodeIgniter\Database\BaseConnection->initialize()
#1 /Applications/MAMP/htdocs/retirement-planner/vendor/codeigniter4/framework/system/Database/BaseBuilder.php(1860): CodeIgniter\Database\BaseConnection->query('SELECT 1\nFROM `...', Array, false)
#2 /Applications/MAMP/htdocs/retirement-planner/vendor/codeigniter4/framework/system/Validation/Rules.php(240): CodeIgniter\Database\BaseBuilder->get()
#3 /Applications/MAMP/htdocs/retirement-planner/vendor/codeigniter4/framework/system/Validation/Validation.php(325): CodeIgniter\Validation\Rules->is_unique('vidurgupta01@gm...', 'email', Array, NULL)
#4 /Applications/MAMP/htdocs/retirement-planner/vendor/codeigniter4/framework/system/Validation/Validation.php(189): CodeIgniter\Validation\Validation->processRules('email', 'email', 'vidurgupta01@gm...', Array, Array)
#5 /Applications/MAMP/htdocs/retirement-planner/vendor/codeigniter4/framework/system/Controller.php(219): CodeIgniter\Validation\Validation->run()
#6 /Applications/MAMP/htdocs/retirement-planner/app/Controllers/Users.php(74): CodeIgniter\Controller->validate(Array)
#7 /Applications/MAMP/htdocs/retirement-planner/vendor/codeigniter4/framework/system/CodeIgniter.php(918): App\Controllers\Users->register()
#8 /Applications/MAMP/htdocs/retirement-planner/vendor/codeigniter4/framework/system/CodeIgniter.php(404): CodeIgniter\CodeIgniter->runController(Object(App\Controllers\Users))
#9 /Applications/MAMP/htdocs/retirement-planner/vendor/codeigniter4/framework/system/CodeIgniter.php(312): CodeIgniter\CodeIgniter->handleRequest(NULL, Object(Config\Cache), false)
#10 /Applications/MAMP/htdocs/retirement-planner/public/index.php(45): CodeIgniter\CodeIgniter->run()
#11 {main}
CRITICAL - 2020-10-26 19:44:23 --> Unable to connect to the database.
#0 /Applications/MAMP/htdocs/retirement-planner/vendor/codeigniter4/framework/system/Database/BaseConnection.php(646): CodeIgniter\Database\BaseConnection->initialize()
#1 /Applications/MAMP/htdocs/retirement-planner/vendor/codeigniter4/framework/system/Database/BaseBuilder.php(1860): CodeIgniter\Database\BaseConnection->query('SELECT 1\nFROM `...', Array, false)
#2 /Applications/MAMP/htdocs/retirement-planner/vendor/codeigniter4/framework/system/Validation/Rules.php(240): CodeIgniter\Database\BaseBuilder->get()
#3 /Applications/MAMP/htdocs/retirement-planner/vendor/codeigniter4/framework/system/Validation/Validation.php(325): CodeIgniter\Validation\Rules->is_unique('v@a.com', 'email', Array, NULL)
#4 /Applications/MAMP/htdocs/retirement-planner/vendor/codeigniter4/framework/system/Validation/Validation.php(189): CodeIgniter\Validation\Validation->processRules('email', 'email', 'v@a.com', Array, Array)
#5 /Applications/MAMP/htdocs/retirement-planner/vendor/codeigniter4/framework/system/Controller.php(219): CodeIgniter\Validation\Validation->run()
#6 /Applications/MAMP/htdocs/retirement-planner/app/Controllers/Users.php(74): CodeIgniter\Controller->validate(Array)
#7 /Applications/MAMP/htdocs/retirement-planner/vendor/codeigniter4/framework/system/CodeIgniter.php(918): App\Controllers\Users->register()
#8 /Applications/MAMP/htdocs/retirement-planner/vendor/codeigniter4/framework/system/CodeIgniter.php(404): CodeIgniter\CodeIgniter->runController(Object(App\Controllers\Users))
#9 /Applications/MAMP/htdocs/retirement-planner/vendor/codeigniter4/framework/system/CodeIgniter.php(312): CodeIgniter\CodeIgniter->handleRequest(NULL, Object(Config\Cache), false)
#10 /Applications/MAMP/htdocs/retirement-planner/public/index.php(45): CodeIgniter\CodeIgniter->run()
#11 {main}
CRITICAL - 2020-10-26 19:45:34 --> Unknown column 'firstname' in 'field list'
#0 /Applications/MAMP/htdocs/retirement-planner/vendor/codeigniter4/framework/system/Database/MySQLi/Connection.php(331): mysqli->query('INSERT INTO `us...')
#1 /Applications/MAMP/htdocs/retirement-planner/vendor/codeigniter4/framework/system/Database/BaseConnection.php(741): CodeIgniter\Database\MySQLi\Connection->execute('INSERT INTO `us...')
#2 /Applications/MAMP/htdocs/retirement-planner/vendor/codeigniter4/framework/system/Database/BaseConnection.php(669): CodeIgniter\Database\BaseConnection->simpleQuery('INSERT INTO `us...')
#3 /Applications/MAMP/htdocs/retirement-planner/vendor/codeigniter4/framework/system/Database/BaseBuilder.php(2249): CodeIgniter\Database\BaseConnection->query('INSERT INTO `us...', Array, false)
#4 /Applications/MAMP/htdocs/retirement-planner/vendor/codeigniter4/framework/system/Model.php(755): CodeIgniter\Database\BaseBuilder->insert()
#5 /Applications/MAMP/htdocs/retirement-planner/vendor/codeigniter4/framework/system/Model.php(574): CodeIgniter\Model->insert(Array, false)
#6 /Applications/MAMP/htdocs/retirement-planner/app/Controllers/Users.php(85): CodeIgniter\Model->save(Array)
#7 /Applications/MAMP/htdocs/retirement-planner/vendor/codeigniter4/framework/system/CodeIgniter.php(918): App\Controllers\Users->register()
#8 /Applications/MAMP/htdocs/retirement-planner/vendor/codeigniter4/framework/system/CodeIgniter.php(404): CodeIgniter\CodeIgniter->runController(Object(App\Controllers\Users))
#9 /Applications/MAMP/htdocs/retirement-planner/vendor/codeigniter4/framework/system/CodeIgniter.php(312): CodeIgniter\CodeIgniter->handleRequest(NULL, Object(Config\Cache), false)
#10 /Applications/MAMP/htdocs/retirement-planner/public/index.php(45): CodeIgniter\CodeIgniter->run()
#11 {main}
CRITICAL - 2020-10-26 19:48:49 --> validateUser is not a valid rule.
#0 /Applications/MAMP/htdocs/retirement-planner/vendor/codeigniter4/framework/system/Validation/Validation.php(333): CodeIgniter\Validation\Exceptions\ValidationException::forRuleNotFound('validateUser')
#1 /Applications/MAMP/htdocs/retirement-planner/vendor/codeigniter4/framework/system/Validation/Validation.php(189): CodeIgniter\Validation\Validation->processRules('password', 'password', 'vidur123', Array, Array)
#2 /Applications/MAMP/htdocs/retirement-planner/vendor/codeigniter4/framework/system/Controller.php(219): CodeIgniter\Validation\Validation->run()
#3 /Applications/MAMP/htdocs/retirement-planner/app/Controllers/Users.php(27): CodeIgniter\Controller->validate(Array, Array)
#4 /Applications/MAMP/htdocs/retirement-planner/vendor/codeigniter4/framework/system/CodeIgniter.php(918): App\Controllers\Users->index()
#5 /Applications/MAMP/htdocs/retirement-planner/vendor/codeigniter4/framework/system/CodeIgniter.php(404): CodeIgniter\CodeIgniter->runController(Object(App\Controllers\Users))
#6 /Applications/MAMP/htdocs/retirement-planner/vendor/codeigniter4/framework/system/CodeIgniter.php(312): CodeIgniter\CodeIgniter->handleRequest(NULL, Object(Config\Cache), false)
#7 /Applications/MAMP/htdocs/retirement-planner/public/index.php(45): CodeIgniter\CodeIgniter->run()
#8 {main}
CRITICAL - 2020-10-26 19:51:56 --> validateUser is not a valid rule.
#0 /Applications/MAMP/htdocs/retirement-planner/vendor/codeigniter4/framework/system/Validation/Validation.php(333): CodeIgniter\Validation\Exceptions\ValidationException::forRuleNotFound('validateUser')
#1 /Applications/MAMP/htdocs/retirement-planner/vendor/codeigniter4/framework/system/Validation/Validation.php(189): CodeIgniter\Validation\Validation->processRules('password', 'password', 'vidur123', Array, Array)
#2 /Applications/MAMP/htdocs/retirement-planner/vendor/codeigniter4/framework/system/Controller.php(219): CodeIgniter\Validation\Validation->run()
#3 /Applications/MAMP/htdocs/retirement-planner/app/Controllers/Users.php(27): CodeIgniter\Controller->validate(Array, Array)
#4 /Applications/MAMP/htdocs/retirement-planner/vendor/codeigniter4/framework/system/CodeIgniter.php(918): App\Controllers\Users->index()
#5 /Applications/MAMP/htdocs/retirement-planner/vendor/codeigniter4/framework/system/CodeIgniter.php(404): CodeIgniter\CodeIgniter->runController(Object(App\Controllers\Users))
#6 /Applications/MAMP/htdocs/retirement-planner/vendor/codeigniter4/framework/system/CodeIgniter.php(312): CodeIgniter\CodeIgniter->handleRequest(NULL, Object(Config\Cache), false)
#7 /Applications/MAMP/htdocs/retirement-planner/public/index.php(45): CodeIgniter\CodeIgniter->run()
#8 {main}
CRITICAL - 2020-10-26 19:52:07 --> validateUser is not a valid rule.
#0 /Applications/MAMP/htdocs/retirement-planner/vendor/codeigniter4/framework/system/Validation/Validation.php(333): CodeIgniter\Validation\Exceptions\ValidationException::forRuleNotFound('validateUser')
#1 /Applications/MAMP/htdocs/retirement-planner/vendor/codeigniter4/framework/system/Validation/Validation.php(189): CodeIgniter\Validation\Validation->processRules('password', 'password', '123vidur', Array, Array)
#2 /Applications/MAMP/htdocs/retirement-planner/vendor/codeigniter4/framework/system/Controller.php(219): CodeIgniter\Validation\Validation->run()
#3 /Applications/MAMP/htdocs/retirement-planner/app/Controllers/Users.php(27): CodeIgniter\Controller->validate(Array, Array)
#4 /Applications/MAMP/htdocs/retirement-planner/vendor/codeigniter4/framework/system/CodeIgniter.php(918): App\Controllers\Users->index()
#5 /Applications/MAMP/htdocs/retirement-planner/vendor/codeigniter4/framework/system/CodeIgniter.php(404): CodeIgniter\CodeIgniter->runController(Object(App\Controllers\Users))
#6 /Applications/MAMP/htdocs/retirement-planner/vendor/codeigniter4/framework/system/CodeIgniter.php(312): CodeIgniter\CodeIgniter->handleRequest(NULL, Object(Config\Cache), false)
#7 /Applications/MAMP/htdocs/retirement-planner/public/index.php(45): CodeIgniter\CodeIgniter->run()
#8 {main}
CRITICAL - 2020-10-26 19:54:34 --> validateUser is not a valid rule.
#0 /Applications/MAMP/htdocs/retirement-planner/vendor/codeigniter4/framework/system/Validation/Validation.php(333): CodeIgniter\Validation\Exceptions\ValidationException::forRuleNotFound('validateUser')
#1 /Applications/MAMP/htdocs/retirement-planner/vendor/codeigniter4/framework/system/Validation/Validation.php(189): CodeIgniter\Validation\Validation->processRules('password', 'password', '1234443333', Array, Array)
#2 /Applications/MAMP/htdocs/retirement-planner/vendor/codeigniter4/framework/system/Controller.php(219): CodeIgniter\Validation\Validation->run()
#3 /Applications/MAMP/htdocs/retirement-planner/app/Controllers/Users.php(27): CodeIgniter\Controller->validate(Array, Array)
#4 /Applications/MAMP/htdocs/retirement-planner/vendor/codeigniter4/framework/system/CodeIgniter.php(918): App\Controllers\Users->index()
#5 /Applications/MAMP/htdocs/retirement-planner/vendor/codeigniter4/framework/system/CodeIgniter.php(404): CodeIgniter\CodeIgniter->runController(Object(App\Controllers\Users))
#6 /Applications/MAMP/htdocs/retirement-planner/vendor/codeigniter4/framework/system/CodeIgniter.php(312): CodeIgniter\CodeIgniter->handleRequest(NULL, Object(Config\Cache), false)
#7 /Applications/MAMP/htdocs/retirement-planner/public/index.php(45): CodeIgniter\CodeIgniter->run()
#8 {main}
CRITICAL - 2020-10-26 19:55:38 --> Undefined index: firstname
#0 /Applications/MAMP/htdocs/retirement-planner/app/Controllers/Users.php(50): CodeIgniter\Debug\Exceptions->errorHandler(8, 'Undefined index...', '/Applications/M...', 50, Array)
#1 /Applications/MAMP/htdocs/retirement-planner/app/Controllers/Users.php(35): App\Controllers\Users->setUserSession(Array)
#2 /Applications/MAMP/htdocs/retirement-planner/vendor/codeigniter4/framework/system/CodeIgniter.php(918): App\Controllers\Users->index()
#3 /Applications/MAMP/htdocs/retirement-planner/vendor/codeigniter4/framework/system/CodeIgniter.php(404): CodeIgniter\CodeIgniter->runController(Object(App\Controllers\Users))
#4 /Applications/MAMP/htdocs/retirement-planner/vendor/codeigniter4/framework/system/CodeIgniter.php(312): CodeIgniter\CodeIgniter->handleRequest(NULL, Object(Config\Cache), false)
#5 /Applications/MAMP/htdocs/retirement-planner/public/index.php(45): CodeIgniter\CodeIgniter->run()
#6 {main}
CRITICAL - 2020-10-26 20:01:31 --> Undefined variable: uri
#0 /Applications/MAMP/htdocs/retirement-planner/app/Views/templates/header.php(18): CodeIgniter\Debug\Exceptions->errorHandler(8, 'Undefined varia...', '/Applications/M...', 18, Array)
#1 /Applications/MAMP/htdocs/retirement-planner/vendor/codeigniter4/framework/system/View/View.php(246): include('/Applications/M...')
#2 /Applications/MAMP/htdocs/retirement-planner/vendor/codeigniter4/framework/system/Common.php(1119): CodeIgniter\View\View->render('templates/heade...', Array, true)
#3 /Applications/MAMP/htdocs/retirement-planner/app/Controllers/Dashboard.php(9): view('templates/heade...', Array)
#4 /Applications/MAMP/htdocs/retirement-planner/vendor/codeigniter4/framework/system/CodeIgniter.php(918): App\Controllers\Dashboard->index()
#5 /Applications/MAMP/htdocs/retirement-planner/vendor/codeigniter4/framework/system/CodeIgniter.php(404): CodeIgniter\CodeIgniter->runController(Object(App\Controllers\Dashboard))
#6 /Applications/MAMP/htdocs/retirement-planner/vendor/codeigniter4/framework/system/CodeIgniter.php(312): CodeIgniter\CodeIgniter->handleRequest(NULL, Object(Config\Cache), false)
#7 /Applications/MAMP/htdocs/retirement-planner/public/index.php(45): CodeIgniter\CodeIgniter->run()
#8 {main}
CRITICAL - 2020-10-26 20:02:33 --> syntax error, unexpected end of file, expecting elseif (T_ELSEIF) or else (T_ELSE) or endif (T_ENDIF)
#0 /Applications/MAMP/htdocs/retirement-planner/vendor/codeigniter4/framework/system/Common.php(1119): CodeIgniter\View\View->render('templates/heade...', Array, true)
#1 /Applications/MAMP/htdocs/retirement-planner/app/Controllers/Dashboard.php(9): view('templates/heade...', Array)
#2 /Applications/MAMP/htdocs/retirement-planner/vendor/codeigniter4/framework/system/CodeIgniter.php(918): App\Controllers\Dashboard->index()
#3 /Applications/MAMP/htdocs/retirement-planner/vendor/codeigniter4/framework/system/CodeIgniter.php(404): CodeIgniter\CodeIgniter->runController(Object(App\Controllers\Dashboard))
#4 /Applications/MAMP/htdocs/retirement-planner/vendor/codeigniter4/framework/system/CodeIgniter.php(312): CodeIgniter\CodeIgniter->handleRequest(NULL, Object(Config\Cache), false)
#5 /Applications/MAMP/htdocs/retirement-planner/public/index.php(45): CodeIgniter\CodeIgniter->run()
#6 {main}
CRITICAL - 2020-10-26 20:02:40 --> syntax error, unexpected end of file, expecting elseif (T_ELSEIF) or else (T_ELSE) or endif (T_ENDIF)
#0 /Applications/MAMP/htdocs/retirement-planner/vendor/codeigniter4/framework/system/Common.php(1119): CodeIgniter\View\View->render('templates/heade...', Array, true)
#1 /Applications/MAMP/htdocs/retirement-planner/app/Controllers/Dashboard.php(9): view('templates/heade...', Array)
#2 /Applications/MAMP/htdocs/retirement-planner/vendor/codeigniter4/framework/system/CodeIgniter.php(918): App\Controllers\Dashboard->index()
#3 /Applications/MAMP/htdocs/retirement-planner/vendor/codeigniter4/framework/system/CodeIgniter.php(404): CodeIgniter\CodeIgniter->runController(Object(App\Controllers\Dashboard))
#4 /Applications/MAMP/htdocs/retirement-planner/vendor/codeigniter4/framework/system/CodeIgniter.php(312): CodeIgniter\CodeIgniter->handleRequest(NULL, Object(Config\Cache), false)
#5 /Applications/MAMP/htdocs/retirement-planner/public/index.php(45): CodeIgniter\CodeIgniter->run()
#6 {main}
CRITICAL - 2020-10-26 20:03:58 --> unlink(/Applications/MAMP/htdocs/retirement-planner/writable/debugbar/debugbar_1603760062.json): No such file or directory
#0 [internal function]: CodeIgniter\Debug\Exceptions->errorHandler(2, 'unlink(/Applica...', '/Applications/M...', 106, Array)
#1 /Applications/MAMP/htdocs/retirement-planner/vendor/codeigniter4/framework/system/Debug/Toolbar/Collectors/History.php(106): unlink('/Applications/M...')
#2 /Applications/MAMP/htdocs/retirement-planner/vendor/codeigniter4/framework/system/Debug/Toolbar.php(483): CodeIgniter\Debug\Toolbar\Collectors\History->setFiles(1603760638, 20)
#3 /Applications/MAMP/htdocs/retirement-planner/vendor/codeigniter4/framework/system/Debug/Toolbar.php(455): CodeIgniter\Debug\Toolbar->format(Array, 'html')
#4 /Applications/MAMP/htdocs/retirement-planner/app/Config/Events.php(50): CodeIgniter\Debug\Toolbar->respond()
#5 [internal function]: CodeIgniter\Events\Events::Config\{closure}()
#6 /Applications/MAMP/htdocs/retirement-planner/vendor/codeigniter4/framework/system/Events/Events.php(188): call_user_func(Object(Closure))
#7 /Applications/MAMP/htdocs/retirement-planner/vendor/codeigniter4/framework/system/CodeIgniter.php(293): CodeIgniter\Events\Events::trigger('pre_system')
#8 /Applications/MAMP/htdocs/retirement-planner/public/index.php(45): CodeIgniter\CodeIgniter->run()
#9 {main}
CRITICAL - 2020-10-26 20:18:58 --> Undefined index: firstname
#0 /Applications/MAMP/htdocs/retirement-planner/app/Views/profile.php(5): CodeIgniter\Debug\Exceptions->errorHandler(8, 'Undefined index...', '/Applications/M...', 5, Array)
#1 /Applications/MAMP/htdocs/retirement-planner/vendor/codeigniter4/framework/system/View/View.php(246): include('/Applications/M...')
#2 /Applications/MAMP/htdocs/retirement-planner/vendor/codeigniter4/framework/system/Common.php(1119): CodeIgniter\View\View->render('profile', Array, true)
#3 /Applications/MAMP/htdocs/retirement-planner/app/Controllers/Users.php(140): view('profile')
#4 /Applications/MAMP/htdocs/retirement-planner/vendor/codeigniter4/framework/system/CodeIgniter.php(918): App\Controllers\Users->profile()
#5 /Applications/MAMP/htdocs/retirement-planner/vendor/codeigniter4/framework/system/CodeIgniter.php(404): CodeIgniter\CodeIgniter->runController(Object(App\Controllers\Users))
#6 /Applications/MAMP/htdocs/retirement-planner/vendor/codeigniter4/framework/system/CodeIgniter.php(312): CodeIgniter\CodeIgniter->handleRequest(NULL, Object(Config\Cache), false)
#7 /Applications/MAMP/htdocs/retirement-planner/public/index.php(45): CodeIgniter\CodeIgniter->run()
#8 {main}
CRITICAL - 2020-10-26 20:25:18 --> Unknown column 'updated_at' in 'field list'
#0 /Applications/MAMP/htdocs/retirement-planner/vendor/codeigniter4/framework/system/Database/MySQLi/Connection.php(331): mysqli->query('UPDATE `users` ...')
#1 /Applications/MAMP/htdocs/retirement-planner/vendor/codeigniter4/framework/system/Database/BaseConnection.php(741): CodeIgniter\Database\MySQLi\Connection->execute('UPDATE `users` ...')
#2 /Applications/MAMP/htdocs/retirement-planner/vendor/codeigniter4/framework/system/Database/BaseConnection.php(669): CodeIgniter\Database\BaseConnection->simpleQuery('UPDATE `users` ...')
#3 /Applications/MAMP/htdocs/retirement-planner/vendor/codeigniter4/framework/system/Database/BaseBuilder.php(2456): CodeIgniter\Database\BaseConnection->query('UPDATE `users` ...', Array, false)
#4 /Applications/MAMP/htdocs/retirement-planner/vendor/codeigniter4/framework/system/Model.php(889): CodeIgniter\Database\BaseBuilder->update()
#5 /Applications/MAMP/htdocs/retirement-planner/vendor/codeigniter4/framework/system/Model.php(570): CodeIgniter\Model->update(Array, Array)
#6 /Applications/MAMP/htdocs/retirement-planner/app/Controllers/Users.php(130): CodeIgniter\Model->save(Array)
#7 /Applications/MAMP/htdocs/retirement-planner/vendor/codeigniter4/framework/system/CodeIgniter.php(918): App\Controllers\Users->profile()
#8 /Applications/MAMP/htdocs/retirement-planner/vendor/codeigniter4/framework/system/CodeIgniter.php(404): CodeIgniter\CodeIgniter->runController(Object(App\Controllers\Users))
#9 /Applications/MAMP/htdocs/retirement-planner/vendor/codeigniter4/framework/system/CodeIgniter.php(312): CodeIgniter\CodeIgniter->handleRequest(NULL, Object(Config\Cache), false)
#10 /Applications/MAMP/htdocs/retirement-planner/public/index.php(45): CodeIgniter\CodeIgniter->run()
#11 {main}
CRITICAL - 2020-10-26 20:56:46 --> Call to undefined method CodeIgniter\Database\MySQLi\Result::result()
#0 /Applications/MAMP/htdocs/retirement-planner/vendor/codeigniter4/framework/system/View/View.php(246): include()
#1 /Applications/MAMP/htdocs/retirement-planner/vendor/codeigniter4/framework/system/Common.php(1119): CodeIgniter\View\View->render('dashboard', Array, true)
#2 /Applications/MAMP/htdocs/retirement-planner/app/Controllers/Dashboard.php(21): view('dashboard')
#3 /Applications/MAMP/htdocs/retirement-planner/vendor/codeigniter4/framework/system/CodeIgniter.php(918): App\Controllers\Dashboard->index()
#4 /Applications/MAMP/htdocs/retirement-planner/vendor/codeigniter4/framework/system/CodeIgniter.php(404): CodeIgniter\CodeIgniter->runController(Object(App\Controllers\Dashboard))
#5 /Applications/MAMP/htdocs/retirement-planner/vendor/codeigniter4/framework/system/CodeIgniter.php(312): CodeIgniter\CodeIgniter->handleRequest(NULL, Object(Config\Cache), false)
#6 /Applications/MAMP/htdocs/retirement-planner/public/index.php(45): CodeIgniter\CodeIgniter->run()
#7 {main}
CRITICAL - 2020-10-26 21:00:56 --> syntax error, unexpected 'row' (T_STRING), expecting ',' or ';'
#0 /Applications/MAMP/htdocs/retirement-planner/vendor/codeigniter4/framework/system/Common.php(1119): CodeIgniter\View\View->render('dashboard', Array, true)
#1 /Applications/MAMP/htdocs/retirement-planner/app/Controllers/Dashboard.php(21): view('dashboard')
#2 /Applications/MAMP/htdocs/retirement-planner/vendor/codeigniter4/framework/system/CodeIgniter.php(918): App\Controllers\Dashboard->index()
#3 /Applications/MAMP/htdocs/retirement-planner/vendor/codeigniter4/framework/system/CodeIgniter.php(404): CodeIgniter\CodeIgniter->runController(Object(App\Controllers\Dashboard))
#4 /Applications/MAMP/htdocs/retirement-planner/vendor/codeigniter4/framework/system/CodeIgniter.php(312): CodeIgniter\CodeIgniter->handleRequest(NULL, Object(Config\Cache), false)
#5 /Applications/MAMP/htdocs/retirement-planner/public/index.php(45): CodeIgniter\CodeIgniter->run()
#6 {main}
CRITICAL - 2020-10-26 21:10:42 --> You have an error in your SQL syntax; check the manual that corresponds to your MySQL server version for the right syntax to use near '"BSNL", 100, 21, BSE, 2' at line 1
#0 /Applications/MAMP/htdocs/retirement-planner/vendor/codeigniter4/framework/system/Database/MySQLi/Connection.php(331): mysqli->query('INSERT INTO sto...')
#1 /Applications/MAMP/htdocs/retirement-planner/vendor/codeigniter4/framework/system/Database/BaseConnection.php(741): CodeIgniter\Database\MySQLi\Connection->execute('INSERT INTO sto...')
#2 /Applications/MAMP/htdocs/retirement-planner/vendor/codeigniter4/framework/system/Database/BaseConnection.php(669): CodeIgniter\Database\BaseConnection->simpleQuery('INSERT INTO sto...')
#3 /Applications/MAMP/htdocs/retirement-planner/app/Controllers/Dashboard.php(13): CodeIgniter\Database\BaseConnection->query('INSERT INTO sto...')
#4 /Applications/MAMP/htdocs/retirement-planner/vendor/codeigniter4/framework/system/CodeIgniter.php(918): App\Controllers\Dashboard->index()
#5 /Applications/MAMP/htdocs/retirement-planner/vendor/codeigniter4/framework/system/CodeIgniter.php(404): CodeIgniter\CodeIgniter->runController(Object(App\Controllers\Dashboard))
#6 /Applications/MAMP/htdocs/retirement-planner/vendor/codeigniter4/framework/system/CodeIgniter.php(312): CodeIgniter\CodeIgniter->handleRequest(NULL, Object(Config\Cache), false)
#7 /Applications/MAMP/htdocs/retirement-planner/public/index.php(45): CodeIgniter\CodeIgniter->run()
#8 {main}
CRITICAL - 2020-10-26 21:11:24 --> syntax error, unexpected ')', expecting ',' or ';'
#0 /Applications/MAMP/htdocs/retirement-planner/vendor/codeigniter4/framework/system/Autoloader/Autoloader.php(296): CodeIgniter\Autoloader\Autoloader->requireFile('/Applications/M...')
#1 /Applications/MAMP/htdocs/retirement-planner/vendor/codeigniter4/framework/system/Autoloader/Autoloader.php(258): CodeIgniter\Autoloader\Autoloader->loadInNamespace('App\\Controllers...')
#2 [internal function]: CodeIgniter\Autoloader\Autoloader->loadClass('App\\Controllers...')
#3 [internal function]: spl_autoload_call('App\\Controllers...')
#4 /Applications/MAMP/htdocs/retirement-planner/vendor/codeigniter4/framework/system/CodeIgniter.php(869): class_exists('\\App\\Controller...', true)
#5 /Applications/MAMP/htdocs/retirement-planner/vendor/codeigniter4/framework/system/CodeIgniter.php(394): CodeIgniter\CodeIgniter->startController()
#6 /Applications/MAMP/htdocs/retirement-planner/vendor/codeigniter4/framework/system/CodeIgniter.php(312): CodeIgniter\CodeIgniter->handleRequest(NULL, Object(Config\Cache), false)
#7 /Applications/MAMP/htdocs/retirement-planner/public/index.php(45): CodeIgniter\CodeIgniter->run()
#8 {main}
