CRITICAL - 2020-10-23 13:29:10 --> Call to undefined function set_value()
#0 /Applications/MAMP/htdocs/retirement-planner/vendor/codeigniter4/framework/system/View/View.php(246): include()
#1 /Applications/MAMP/htdocs/retirement-planner/vendor/codeigniter4/framework/system/Common.php(1119): CodeIgniter\View\View->render('login', Array, true)
#2 /Applications/MAMP/htdocs/retirement-planner/app/Controllers/Users.php(10): view('login', Array)
#3 /Applications/MAMP/htdocs/retirement-planner/vendor/codeigniter4/framework/system/CodeIgniter.php(918): App\Controllers\Users->index()
#4 /Applications/MAMP/htdocs/retirement-planner/vendor/codeigniter4/framework/system/CodeIgniter.php(404): CodeIgniter\CodeIgniter->runController(Object(App\Controllers\Users))
#5 /Applications/MAMP/htdocs/retirement-planner/vendor/codeigniter4/framework/system/CodeIgniter.php(312): CodeIgniter\CodeIgniter->handleRequest(NULL, Object(Config\Cache), false)
#6 /Applications/MAMP/htdocs/retirement-planner/public/index.php(45): CodeIgniter\CodeIgniter->run()
#7 {main}
CRITICAL - 2020-10-23 13:29:14 --> Call to undefined function set_value()
#0 /Applications/MAMP/htdocs/retirement-planner/vendor/codeigniter4/framework/system/View/View.php(246): include()
#1 /Applications/MAMP/htdocs/retirement-planner/vendor/codeigniter4/framework/system/Common.php(1119): CodeIgniter\View\View->render('login', Array, true)
#2 /Applications/MAMP/htdocs/retirement-planner/app/Controllers/Users.php(10): view('login', Array)
#3 /Applications/MAMP/htdocs/retirement-planner/vendor/codeigniter4/framework/system/CodeIgniter.php(918): App\Controllers\Users->index()
#4 /Applications/MAMP/htdocs/retirement-planner/vendor/codeigniter4/framework/system/CodeIgniter.php(404): CodeIgniter\CodeIgniter->runController(Object(App\Controllers\Users))
#5 /Applications/MAMP/htdocs/retirement-planner/vendor/codeigniter4/framework/system/CodeIgniter.php(312): CodeIgniter\CodeIgniter->handleRequest(NULL, Object(Config\Cache), false)
#6 /Applications/MAMP/htdocs/retirement-planner/public/index.php(45): CodeIgniter\CodeIgniter->run()
#7 {main}
CRITICAL - 2020-10-23 13:29:54 --> Call to undefined function set_value()
#0 /Applications/MAMP/htdocs/retirement-planner/vendor/codeigniter4/framework/system/View/View.php(246): include()
#1 /Applications/MAMP/htdocs/retirement-planner/vendor/codeigniter4/framework/system/Common.php(1119): CodeIgniter\View\View->render('login', Array, true)
#2 /Applications/MAMP/htdocs/retirement-planner/app/Controllers/Users.php(10): view('login', Array)
#3 /Applications/MAMP/htdocs/retirement-planner/vendor/codeigniter4/framework/system/CodeIgniter.php(918): App\Controllers\Users->index()
#4 /Applications/MAMP/htdocs/retirement-planner/vendor/codeigniter4/framework/system/CodeIgniter.php(404): CodeIgniter\CodeIgniter->runController(Object(App\Controllers\Users))
#5 /Applications/MAMP/htdocs/retirement-planner/vendor/codeigniter4/framework/system/CodeIgniter.php(312): CodeIgniter\CodeIgniter->handleRequest(NULL, Object(Config\Cache), false)
#6 /Applications/MAMP/htdocs/retirement-planner/public/index.php(45): CodeIgniter\CodeIgniter->run()
#7 {main}
